<?xml version="1.0" encoding="UTF-8"?>
<!-- Generated by org.testng.reporters.JUnitXMLReporter -->
<testsuite ignored="0" hostname="DESKTOP-8DO45Q1" failures="0" tests="3" name="Default test" time="3.813" errors="0" timestamp="21 Jul 2021 18:18:23 GMT">
  <testcase classname="appl.tests.SpaceXTests" name="TC001_validateResponseAndContent" time="1.39"/>
  <testcase classname="appl.tests.SpaceXTests" name="TC002_validateRocketDetails" time="1.035"/>
  <testcase classname="appl.tests.SpaceXTests" name="TC003_validateLaunchLandings" time="0.893"/>
</testsuite> <!-- Default test -->
