<?xml version="1.0" encoding="UTF-8"?>
<!-- Generated by org.testng.reporters.JUnitXMLReporter -->
<testsuite ignored="0" hostname="DESKTOP-8DO45Q1" failures="0" tests="3" name="Test" time="4.123" errors="0" timestamp="21 Jul 2021 17:57:42 GMT">
  <testcase classname="appl.tests.SpaceXTests" name="TC001_validateResponseAndContent" time="1.766"/>
  <testcase classname="appl.tests.SpaceXTests" name="TC002_validateRocketDetails" time="1.12"/>
  <testcase classname="appl.tests.SpaceXTests" name="TC003_validateLaunchLandings" time="0.864"/>
</testsuite> <!-- Test -->
