<?xml version="1.0" encoding="UTF-8"?>
<testsuite xmlns:xsi="http://www.w3.org/2001/XMLSchema-instance" xsi:noNamespaceSchemaLocation="https://maven.apache.org/surefire/maven-surefire-plugin/xsd/surefire-test-report.xsd" name="TestSuite" time="4.686" tests="3" errors="0" skipped="0" failures="0">
  <properties>
[...]
</properties>
  <testcase name="TC001_validateResponseAndContent" classname="appl.tests.SpaceXTests" time="1.767"/>
  <testcase name="TC002_validateRocketDetails" classname="appl.tests.SpaceXTests" time="1.119"/>
  <testcase name="TC003_validateLaunchLandings" classname="appl.tests.SpaceXTests" time="0.865"/>
</testsuite>