<?xml version="1.0" encoding="UTF-8"?>
<testng-results ignored="0" total="3" passed="3" failed="0" skipped="0">
  <reporter-output>
  </reporter-output>
  <suite started-at="2021-07-21T17:57:38Z" name="Suite" finished-at="2021-07-21T17:57:42Z" duration-ms="4123">
    <groups>
    </groups>
    <test started-at="2021-07-21T17:57:38Z" name="Test" finished-at="2021-07-21T17:57:42Z" duration-ms="4123">
      <class name="appl.tests.SpaceXTests">
        <test-method is-config="true" signature="setup()[pri:0, instance:appl.tests.SpaceXTests@6eda5c9]" started-at="2021-07-21T17:57:38Z" name="setup" finished-at="2021-07-21T17:57:38Z" duration-ms="360" status="PASS">
          <reporter-output>
          </reporter-output>
        </test-method> <!-- setup -->
        <test-method signature="TC001_validateResponseAndContent()[pri:0, instance:appl.tests.SpaceXTests@6eda5c9]" started-at="2021-07-21T17:57:38Z" name="TC001_validateResponseAndContent" finished-at="2021-07-21T17:57:40Z" duration-ms="1766" status="PASS">
          <reporter-output>
          </reporter-output>
        </test-method> <!-- TC001_validateResponseAndContent -->
        <test-method signature="TC002_validateRocketDetails()[pri:0, instance:appl.tests.SpaceXTests@6eda5c9]" started-at="2021-07-21T17:57:40Z" name="TC002_validateRocketDetails" finished-at="2021-07-21T17:57:41Z" duration-ms="1120" status="PASS">
          <reporter-output>
          </reporter-output>
        </test-method> <!-- TC002_validateRocketDetails -->
        <test-method signature="TC003_validateLaunchLandings()[pri:0, instance:appl.tests.SpaceXTests@6eda5c9]" started-at="2021-07-21T17:57:41Z" name="TC003_validateLaunchLandings" finished-at="2021-07-21T17:57:42Z" duration-ms="864" status="PASS">
          <reporter-output>
          </reporter-output>
        </test-method> <!-- TC003_validateLaunchLandings -->
      </class> <!-- appl.tests.SpaceXTests -->
    </test> <!-- Test -->
  </suite> <!-- Suite -->
</testng-results>
